2025-03-28 16:03:48,969 INFO o.a.j.u.JMeterUtils: Setting Locale to en_EN
2025-03-28 16:03:48,981 INFO o.a.j.JMeter: Loading user properties from: /Users/studybuggy/apache-jmeter-5.6.3/bin/user.properties
2025-03-28 16:03:48,981 INFO o.a.j.JMeter: Loading system properties from: /Users/studybuggy/apache-jmeter-5.6.3/bin/system.properties
2025-03-28 16:03:48,984 INFO o.a.j.JMeter: Copyright (c) 1998-2024 The Apache Software Foundation
2025-03-28 16:03:48,984 INFO o.a.j.JMeter: Version 5.6.3
2025-03-28 16:03:48,984 INFO o.a.j.JMeter: java.version=11.0.26
2025-03-28 16:03:48,984 INFO o.a.j.JMeter: java.vm.name=OpenJDK 64-Bit Server VM
2025-03-28 16:03:48,984 INFO o.a.j.JMeter: os.name=Mac OS X
2025-03-28 16:03:48,984 INFO o.a.j.JMeter: os.arch=aarch64
2025-03-28 16:03:48,984 INFO o.a.j.JMeter: os.version=15.3.1
2025-03-28 16:03:48,984 INFO o.a.j.JMeter: file.encoding=UTF-8
2025-03-28 16:03:48,984 INFO o.a.j.JMeter: java.awt.headless=true
2025-03-28 16:03:48,984 INFO o.a.j.JMeter: Max memory     =1073741824
2025-03-28 16:03:48,984 INFO o.a.j.JMeter: Available Processors =8
2025-03-28 16:03:48,992 INFO o.a.j.JMeter: Default Locale=English (EN)
2025-03-28 16:03:48,993 INFO o.a.j.JMeter: JMeter  Locale=English (EN)
2025-03-28 16:03:48,993 INFO o.a.j.JMeter: JMeterHome=/Users/studybuggy/apache-jmeter-5.6.3
2025-03-28 16:03:48,993 INFO o.a.j.JMeter: user.dir  =/Users/studybuggy
2025-03-28 16:03:48,993 INFO o.a.j.JMeter: PWD       =/Users/studybuggy
2025-03-28 16:03:48,995 INFO o.a.j.JMeter: IP: 172.30.23.57 Name: studys-air.wireless.concordia.ca FullName: studys-air.wireless.concordia.ca
2025-03-28 16:03:49,004 INFO o.a.j.s.FileServer: Default base='/Users/studybuggy'
2025-03-28 16:03:49,004 INFO o.a.j.s.FileServer: Set new base='/Users/studybuggy/.'
2025-03-28 16:03:49,084 INFO o.a.j.s.SaveService: Testplan (JMX) version: 2.2. Testlog (JTL) version: 2.2
2025-03-28 16:03:49,097 INFO o.a.j.s.SaveService: Using SaveService properties version 5.0
2025-03-28 16:03:49,098 INFO o.a.j.s.SaveService: Using SaveService properties file encoding UTF-8
2025-03-28 16:03:49,099 INFO o.a.j.s.SaveService: Loading file: ./40101813_Juan-Carlos_Sreng-Flores_part_C.jmx
2025-03-28 16:03:49,123 INFO o.a.j.p.h.c.CookieManager: Settings: Delete null: true Check: true Allow variable: true Save: false Prefix: COOKIE_
2025-03-28 16:03:49,125 INFO o.a.j.p.h.c.CacheManager: Will only cache the following methods: [GET]
2025-03-28 16:03:49,137 INFO o.a.j.p.h.s.HTTPSamplerBase: Parser for text/html is org.apache.jmeter.protocol.http.parser.LagartoBasedHtmlParser
2025-03-28 16:03:49,137 INFO o.a.j.p.h.s.HTTPSamplerBase: Parser for application/xhtml+xml is org.apache.jmeter.protocol.http.parser.LagartoBasedHtmlParser
2025-03-28 16:03:49,137 INFO o.a.j.p.h.s.HTTPSamplerBase: Parser for application/xml is org.apache.jmeter.protocol.http.parser.LagartoBasedHtmlParser
2025-03-28 16:03:49,137 INFO o.a.j.p.h.s.HTTPSamplerBase: Parser for text/xml is org.apache.jmeter.protocol.http.parser.LagartoBasedHtmlParser
2025-03-28 16:03:49,137 INFO o.a.j.p.h.s.HTTPSamplerBase: Parser for text/vnd.wap.wml is org.apache.jmeter.protocol.http.parser.RegexpHTMLParser
2025-03-28 16:03:49,137 INFO o.a.j.p.h.s.HTTPSamplerBase: Parser for text/css is org.apache.jmeter.protocol.http.parser.CssParser
2025-03-28 16:03:49,160 INFO o.a.j.JMeter: Creating summariser <summary>
2025-03-28 16:03:49,171 INFO o.a.j.e.StandardJMeterEngine: Running the test!
2025-03-28 16:03:49,172 INFO o.a.j.s.SampleEvent: List of sample_variables: []
2025-03-28 16:03:49,172 INFO o.a.j.s.SampleEvent: List of sample_variables: []
2025-03-28 16:03:49,175 INFO o.a.j.e.u.CompoundVariable: Note: Function class names must contain the string: '.functions.'
2025-03-28 16:03:49,175 INFO o.a.j.e.u.CompoundVariable: Note: Function class names must not contain the string: '.gui.'
2025-03-28 16:03:49,298 INFO o.a.j.JMeter: Running test (1743192229298)
2025-03-28 16:03:49,309 INFO o.a.j.e.StandardJMeterEngine: Starting ThreadGroup: 1 : Workload 1 minute 5 users
2025-03-28 16:03:49,310 INFO o.a.j.e.StandardJMeterEngine: Starting 5 threads for group Workload 1 minute 5 users.
2025-03-28 16:03:49,310 INFO o.a.j.e.StandardJMeterEngine: Thread will continue on error
2025-03-28 16:03:49,310 INFO o.a.j.t.ThreadGroup: Starting thread group... number=1 threads=5 ramp-up=5 delayedStart=false
2025-03-28 16:03:49,317 INFO o.a.j.t.ThreadGroup: Started thread group number 1
2025-03-28 16:03:49,317 INFO o.a.j.e.StandardJMeterEngine: Waiting for thread group: Workload 1 minute 5 users to finish before starting next group
2025-03-28 16:03:49,317 INFO o.a.j.s.SampleResult: Note: Sample TimeStamps are START times
2025-03-28 16:03:49,317 INFO o.a.j.s.SampleResult: sampleresult.default.encoding is set to UTF-8
2025-03-28 16:03:49,317 INFO o.a.j.s.SampleResult: sampleresult.useNanoTime=true
2025-03-28 16:03:49,317 INFO o.a.j.s.SampleResult: sampleresult.nanoThreadSleep=5000
2025-03-28 16:03:49,318 INFO o.a.j.t.JMeterThread: Thread started: Workload 1 minute 5 users 1-1
2025-03-28 16:03:49,326 INFO o.a.j.p.h.s.HTTPHCAbstractImpl: Local host = studys-air.wireless.concordia.ca
2025-03-28 16:03:49,329 INFO o.a.j.p.h.s.HTTPHC4Impl: HTTP request retry count = 0
2025-03-28 16:03:49,366 INFO o.a.j.p.h.s.h.LazyLayeredConnectionSocketFactory: Setting up HTTPS TrustAll Socket Factory
2025-03-28 16:03:49,368 INFO o.a.j.u.JsseSSLManager: Using default SSL protocol: TLS
2025-03-28 16:03:49,368 INFO o.a.j.u.JsseSSLManager: SSL session context: per-thread
2025-03-28 16:03:49,397 INFO o.a.j.u.SSLManager: JmeterKeyStore Location:  type JKS
2025-03-28 16:03:49,398 INFO o.a.j.u.SSLManager: KeyStore created OK
2025-03-28 16:03:49,398 WARN o.a.j.u.SSLManager: Keystore file not found, loading empty keystore
2025-03-28 16:03:49,721 INFO o.a.j.p.h.p.BaseParser: Created org.apache.jmeter.protocol.http.parser.LagartoBasedHtmlParser
2025-03-28 16:03:49,745 INFO o.a.j.p.h.s.ResourcesDownloader: Creating ResourcesDownloader with keepalive_inseconds : 60
2025-03-28 16:03:49,865 INFO o.a.j.p.h.p.BaseParser: Created org.apache.jmeter.protocol.http.parser.CssParser
2025-03-28 16:03:49,920 WARN c.h.c.r.e.LoggingCSSParseErrorHandler: [10:11] Deprecated property name '*zoom'
2025-03-28 16:03:49,978 WARN c.h.c.r.e.LoggingCSSParseErrorHandler: [15:41] Deprecated property name '*display'
2025-03-28 16:03:49,978 WARN c.h.c.r.e.LoggingCSSParseErrorHandler: [15:57] Deprecated property name '*zoom'
2025-03-28 16:03:49,979 WARN c.h.c.r.e.LoggingCSSParseErrorHandler: [26:14] Deprecated property name '*overflow'
2025-03-28 16:03:49,981 WARN c.h.c.r.e.LoggingCSSParseErrorHandler: [39:24] Deprecated property name '*zoom'
2025-03-28 16:03:49,982 WARN c.h.c.r.e.LoggingCSSParseErrorHandler: [67:23] Deprecated property name '*zoom'
2025-03-28 16:03:49,983 WARN c.h.c.r.e.LoggingCSSParseErrorHandler: [69:190] Deprecated property name '*margin-left'
2025-03-28 16:03:49,983 WARN c.h.c.r.e.LoggingCSSParseErrorHandler: [72:31] Deprecated property name '*width'
2025-03-28 16:03:49,983 WARN c.h.c.r.e.LoggingCSSParseErrorHandler: [73:45] Deprecated property name '*width'
2025-03-28 16:03:49,983 WARN c.h.c.r.e.LoggingCSSParseErrorHandler: [74:45] Deprecated property name '*width'
2025-03-28 16:03:49,983 WARN c.h.c.r.e.LoggingCSSParseErrorHandler: [75:44] Deprecated property name '*width'
2025-03-28 16:03:49,984 WARN c.h.c.r.e.LoggingCSSParseErrorHandler: [76:44] Deprecated property name '*width'
2025-03-28 16:03:49,984 WARN c.h.c.r.e.LoggingCSSParseErrorHandler: [77:44] Deprecated property name '*width'
2025-03-28 16:03:49,984 WARN c.h.c.r.e.LoggingCSSParseErrorHandler: [78:44] Deprecated property name '*width'
2025-03-28 16:03:49,984 WARN c.h.c.r.e.LoggingCSSParseErrorHandler: [79:44] Deprecated property name '*width'
2025-03-28 16:03:49,984 WARN c.h.c.r.e.LoggingCSSParseErrorHandler: [80:45] Deprecated property name '*width'
2025-03-28 16:03:49,984 WARN c.h.c.r.e.LoggingCSSParseErrorHandler: [81:45] Deprecated property name '*width'
2025-03-28 16:03:49,985 WARN c.h.c.r.e.LoggingCSSParseErrorHandler: [82:45] Deprecated property name '*width'
2025-03-28 16:03:49,985 WARN c.h.c.r.e.LoggingCSSParseErrorHandler: [83:44] Deprecated property name '*width'
2025-03-28 16:03:49,985 WARN c.h.c.r.e.LoggingCSSParseErrorHandler: [84:54] Deprecated property name '*margin-left'
2025-03-28 16:03:49,985 WARN c.h.c.r.e.LoggingCSSParseErrorHandler: [85:66] Deprecated property name '*margin-left'
2025-03-28 16:03:49,985 WARN c.h.c.r.e.LoggingCSSParseErrorHandler: [86:53] Deprecated property name '*margin-left'
2025-03-28 16:03:49,985 WARN c.h.c.r.e.LoggingCSSParseErrorHandler: [87:65] Deprecated property name '*margin-left'
2025-03-28 16:03:49,986 WARN c.h.c.r.e.LoggingCSSParseErrorHandler: [88:53] Deprecated property name '*margin-left'
2025-03-28 16:03:49,986 WARN c.h.c.r.e.LoggingCSSParseErrorHandler: [89:64] Deprecated property name '*margin-left'
2025-03-28 16:03:49,986 WARN c.h.c.r.e.LoggingCSSParseErrorHandler: [90:52] Deprecated property name '*margin-left'
2025-03-28 16:03:49,986 WARN c.h.c.r.e.LoggingCSSParseErrorHandler: [91:64] Deprecated property name '*margin-left'
2025-03-28 16:03:49,986 WARN c.h.c.r.e.LoggingCSSParseErrorHandler: [92:51] Deprecated property name '*margin-left'
2025-03-28 16:03:49,986 WARN c.h.c.r.e.LoggingCSSParseErrorHandler: [93:64] Deprecated property name '*margin-left'
2025-03-28 16:03:49,987 WARN c.h.c.r.e.LoggingCSSParseErrorHandler: [94:52] Deprecated property name '*margin-left'
2025-03-28 16:03:49,987 WARN c.h.c.r.e.LoggingCSSParseErrorHandler: [95:65] Deprecated property name '*margin-left'
2025-03-28 16:03:49,987 WARN c.h.c.r.e.LoggingCSSParseErrorHandler: [96:53] Deprecated property name '*margin-left'
2025-03-28 16:03:49,987 WARN c.h.c.r.e.LoggingCSSParseErrorHandler: [97:65] Deprecated property name '*margin-left'
2025-03-28 16:03:49,987 WARN c.h.c.r.e.LoggingCSSParseErrorHandler: [98:52] Deprecated property name '*margin-left'
2025-03-28 16:03:49,987 WARN c.h.c.r.e.LoggingCSSParseErrorHandler: [99:63] Deprecated property name '*margin-left'
2025-03-28 16:03:49,988 WARN c.h.c.r.e.LoggingCSSParseErrorHandler: [100:53] Deprecated property name '*margin-left'
2025-03-28 16:03:49,988 WARN c.h.c.r.e.LoggingCSSParseErrorHandler: [101:64] Deprecated property name '*margin-left'
2025-03-28 16:03:49,988 WARN c.h.c.r.e.LoggingCSSParseErrorHandler: [102:53] Deprecated property name '*margin-left'
2025-03-28 16:03:49,988 WARN c.h.c.r.e.LoggingCSSParseErrorHandler: [103:64] Deprecated property name '*margin-left'
2025-03-28 16:03:49,988 WARN c.h.c.r.e.LoggingCSSParseErrorHandler: [104:53] Deprecated property name '*margin-left'
2025-03-28 16:03:49,988 WARN c.h.c.r.e.LoggingCSSParseErrorHandler: [105:64] Deprecated property name '*margin-left'
2025-03-28 16:03:49,989 WARN c.h.c.r.e.LoggingCSSParseErrorHandler: [106:53] Deprecated property name '*margin-left'
2025-03-28 16:03:49,989 WARN c.h.c.r.e.LoggingCSSParseErrorHandler: [107:63] Deprecated property name '*margin-left'
2025-03-28 16:03:49,989 WARN c.h.c.r.e.LoggingCSSParseErrorHandler: [110:47] Deprecated property name '*zoom'
2025-03-28 16:03:50,003 WARN c.h.c.r.e.LoggingCSSParseErrorHandler: [112:55] Deprecated property name '*zoom'
2025-03-28 16:03:50,005 WARN c.h.c.r.e.LoggingCSSParseErrorHandler: [150:99] Deprecated property name '*display'
2025-03-28 16:03:50,005 WARN c.h.c.r.e.LoggingCSSParseErrorHandler: [150:115] Deprecated property name '*zoom'
2025-03-28 16:03:50,005 WARN c.h.c.r.e.LoggingCSSParseErrorHandler: [155:16] Deprecated property name '*zoom'
2025-03-28 16:03:50,008 WARN c.h.c.r.e.LoggingCSSParseErrorHandler: [199:67] Deprecated property name '*border-collapse'
2025-03-28 16:03:50,013 WARN c.h.c.r.e.LoggingCSSParseErrorHandler: [242:59] Deprecated property name '*margin-top'
2025-03-28 16:03:50,013 WARN c.h.c.r.e.LoggingCSSParseErrorHandler: [244:39] Deprecated property name '*margin-top'
2025-03-28 16:03:50,015 WARN c.h.c.r.e.LoggingCSSParseErrorHandler: [281:15] Deprecated property name '*zoom'
2025-03-28 16:03:50,018 WARN c.h.c.r.e.LoggingCSSParseErrorHandler: [304:127] Deprecated property name '*zoom'
2025-03-28 16:03:50,018 WARN c.h.c.r.e.LoggingCSSParseErrorHandler: [308:35] Deprecated property name '*display'
2025-03-28 16:03:50,018 WARN c.h.c.r.e.LoggingCSSParseErrorHandler: [308:51] Deprecated property name '*zoom'
2025-03-28 16:03:50,018 WARN c.h.c.r.e.LoggingCSSParseErrorHandler: [310:184] Deprecated property name '*margin-left'
2025-03-28 16:03:50,021 WARN c.h.c.r.e.LoggingCSSParseErrorHandler: [329:569] Deprecated property name '*display'
2025-03-28 16:03:50,021 WARN c.h.c.r.e.LoggingCSSParseErrorHandler: [329:585] Deprecated property name '*zoom'
2025-03-28 16:03:50,021 WARN c.h.c.r.e.LoggingCSSParseErrorHandler: [337:52] Deprecated property name '*zoom'
2025-03-28 16:03:50,021 WARN c.h.c.r.e.LoggingCSSParseErrorHandler: [340:28] Deprecated property name '*display'
2025-03-28 16:03:50,022 WARN c.h.c.r.e.LoggingCSSParseErrorHandler: [340:50] Deprecated property name '*padding-left'
2025-03-28 16:03:50,022 WARN c.h.c.r.e.LoggingCSSParseErrorHandler: [340:87] Deprecated property name '*margin-left'
2025-03-28 16:03:50,022 WARN c.h.c.r.e.LoggingCSSParseErrorHandler: [340:142] Deprecated property name '*padding-left'
2025-03-28 16:03:50,022 WARN c.h.c.r.e.LoggingCSSParseErrorHandler: [344:27] Deprecated property name '*display'
2025-03-28 16:03:50,022 WARN c.h.c.r.e.LoggingCSSParseErrorHandler: [344:43] Deprecated property name '*zoom'
2025-03-28 16:03:50,022 WARN c.h.c.r.e.LoggingCSSParseErrorHandler: [344:840] Deprecated property name '*background-color'
2025-03-28 16:03:50,022 WARN c.h.c.r.e.LoggingCSSParseErrorHandler: [344:958] Deprecated property name '*border'
2025-03-28 16:03:50,023 WARN c.h.c.r.e.LoggingCSSParseErrorHandler: [344:1063] Deprecated property name '*margin-left'
2025-03-28 16:03:50,023 WARN c.h.c.r.e.LoggingCSSParseErrorHandler: [344:1428] Deprecated property name '*background-color'
2025-03-28 16:03:50,023 WARN c.h.c.r.e.LoggingCSSParseErrorHandler: [346:18] Deprecated property name '*margin-left'
2025-03-28 16:03:50,025 WARN c.h.c.r.e.LoggingCSSParseErrorHandler: [361:676] Deprecated property name '*background-color'
2025-03-28 16:03:50,025 WARN c.h.c.r.e.LoggingCSSParseErrorHandler: [361:932] Deprecated property name '*background-color'
2025-03-28 16:03:50,025 WARN c.h.c.r.e.LoggingCSSParseErrorHandler: [363:676] Deprecated property name '*background-color'
2025-03-28 16:03:50,025 WARN c.h.c.r.e.LoggingCSSParseErrorHandler: [363:932] Deprecated property name '*background-color'
2025-03-28 16:03:50,026 WARN c.h.c.r.e.LoggingCSSParseErrorHandler: [365:675] Deprecated property name '*background-color'
2025-03-28 16:03:50,026 WARN c.h.c.r.e.LoggingCSSParseErrorHandler: [365:925] Deprecated property name '*background-color'
2025-03-28 16:03:50,026 WARN c.h.c.r.e.LoggingCSSParseErrorHandler: [367:676] Deprecated property name '*background-color'
2025-03-28 16:03:50,026 WARN c.h.c.r.e.LoggingCSSParseErrorHandler: [367:932] Deprecated property name '*background-color'
2025-03-28 16:03:50,027 WARN c.h.c.r.e.LoggingCSSParseErrorHandler: [369:673] Deprecated property name '*background-color'
2025-03-28 16:03:50,027 WARN c.h.c.r.e.LoggingCSSParseErrorHandler: [369:911] Deprecated property name '*background-color'
2025-03-28 16:03:50,027 WARN c.h.c.r.e.LoggingCSSParseErrorHandler: [371:676] Deprecated property name '*background-color'
2025-03-28 16:03:50,027 WARN c.h.c.r.e.LoggingCSSParseErrorHandler: [371:932] Deprecated property name '*background-color'
2025-03-28 16:03:50,027 WARN c.h.c.r.e.LoggingCSSParseErrorHandler: [373:37] Deprecated property name '*padding-top'
2025-03-28 16:03:50,027 WARN c.h.c.r.e.LoggingCSSParseErrorHandler: [373:54] Deprecated property name '*padding-bottom'
2025-03-28 16:03:50,027 WARN c.h.c.r.e.LoggingCSSParseErrorHandler: [374:57] Deprecated property name '*padding-top'
2025-03-28 16:03:50,027 WARN c.h.c.r.e.LoggingCSSParseErrorHandler: [374:74] Deprecated property name '*padding-bottom'
2025-03-28 16:03:50,027 WARN c.h.c.r.e.LoggingCSSParseErrorHandler: [375:57] Deprecated property name '*padding-top'
2025-03-28 16:03:50,027 WARN c.h.c.r.e.LoggingCSSParseErrorHandler: [375:74] Deprecated property name '*padding-bottom'
2025-03-28 16:03:50,027 WARN c.h.c.r.e.LoggingCSSParseErrorHandler: [376:55] Deprecated property name '*padding-top'
2025-03-28 16:03:50,028 WARN c.h.c.r.e.LoggingCSSParseErrorHandler: [376:72] Deprecated property name '*padding-bottom'
2025-03-28 16:03:50,028 WARN c.h.c.r.e.LoggingCSSParseErrorHandler: [381:80] Deprecated property name '*margin-right'
2025-03-28 16:03:50,034 WARN c.h.c.r.e.LoggingCSSParseErrorHandler: [523:51] Deprecated property name '*display'
2025-03-28 16:03:50,034 WARN c.h.c.r.e.LoggingCSSParseErrorHandler: [523:67] Deprecated property name '*zoom'
2025-03-28 16:03:50,034 WARN c.h.c.r.e.LoggingCSSParseErrorHandler: [523:128] Deprecated property name '*margin-left'
2025-03-28 16:03:50,034 WARN c.h.c.r.e.LoggingCSSParseErrorHandler: [523:170] Deprecated property name '*margin-left'
2025-03-28 16:03:50,035 WARN c.h.c.r.e.LoggingCSSParseErrorHandler: [538:415] Deprecated property name '*padding-top'
2025-03-28 16:03:50,035 WARN c.h.c.r.e.LoggingCSSParseErrorHandler: [538:432] Deprecated property name '*padding-bottom'
2025-03-28 16:03:50,035 WARN c.h.c.r.e.LoggingCSSParseErrorHandler: [539:74] Deprecated property name '*padding-top'
2025-03-28 16:03:50,035 WARN c.h.c.r.e.LoggingCSSParseErrorHandler: [539:91] Deprecated property name '*padding-bottom'
2025-03-28 16:03:50,035 WARN c.h.c.r.e.LoggingCSSParseErrorHandler: [540:40] Deprecated property name '*padding-top'
2025-03-28 16:03:50,035 WARN c.h.c.r.e.LoggingCSSParseErrorHandler: [540:57] Deprecated property name '*padding-bottom'
2025-03-28 16:03:50,035 WARN c.h.c.r.e.LoggingCSSParseErrorHandler: [541:77] Deprecated property name '*padding-top'
2025-03-28 16:03:50,035 WARN c.h.c.r.e.LoggingCSSParseErrorHandler: [541:94] Deprecated property name '*padding-bottom'
2025-03-28 16:03:50,036 WARN c.h.c.r.e.LoggingCSSParseErrorHandler: [556:42] Deprecated property name '*display'
2025-03-28 16:03:50,036 WARN c.h.c.r.e.LoggingCSSParseErrorHandler: [556:58] Deprecated property name '*zoom'
2025-03-28 16:03:50,037 WARN c.h.c.r.e.LoggingCSSParseErrorHandler: [575:20] Deprecated property name '*width'
2025-03-28 16:03:50,037 WARN c.h.c.r.e.LoggingCSSParseErrorHandler: [575:58] Deprecated property name '*margin'
2025-03-28 16:03:50,037 WARN c.h.c.r.e.LoggingCSSParseErrorHandler: [576:22] Deprecated property name '*zoom'
2025-03-28 16:03:50,038 WARN c.h.c.r.e.LoggingCSSParseErrorHandler: [606:11] Deprecated property name '*zoom'
2025-03-28 16:03:50,039 WARN c.h.c.r.e.LoggingCSSParseErrorHandler: [621:146] Deprecated property name '*border-right-color'
2025-03-28 16:03:50,039 WARN c.h.c.r.e.LoggingCSSParseErrorHandler: [625:149] Deprecated property name '*border-left-color'
2025-03-28 16:03:50,039 WARN c.h.c.r.e.LoggingCSSParseErrorHandler: [628:45] Deprecated property name '*position'
2025-03-28 16:03:50,039 WARN c.h.c.r.e.LoggingCSSParseErrorHandler: [628:64] Deprecated property name '*z-index'
2025-03-28 16:03:50,040 WARN c.h.c.r.e.LoggingCSSParseErrorHandler: [629:798] Deprecated property name '*zoom'
2025-03-28 16:03:50,040 WARN c.h.c.r.e.LoggingCSSParseErrorHandler: [639:30] Deprecated property name '*zoom'
2025-03-28 16:03:50,042 WARN c.h.c.r.e.LoggingCSSParseErrorHandler: [662:758] Deprecated property name '*background-color'
2025-03-28 16:03:50,043 WARN c.h.c.r.e.LoggingCSSParseErrorHandler: [662:1303] Deprecated property name '*background-color'
2025-03-28 16:03:50,045 WARN c.h.c.r.e.LoggingCSSParseErrorHandler: [693:691] Deprecated property name '*background-color'
2025-03-28 16:03:50,045 WARN c.h.c.r.e.LoggingCSSParseErrorHandler: [693:1037] Deprecated property name '*background-color'
2025-03-28 16:03:50,046 WARN c.h.c.r.e.LoggingCSSParseErrorHandler: [695:191] Deprecated property name '*display'
2025-03-28 16:03:50,046 WARN c.h.c.r.e.LoggingCSSParseErrorHandler: [695:207] Deprecated property name '*zoom'
2025-03-28 16:03:50,046 WARN c.h.c.r.e.LoggingCSSParseErrorHandler: [698:37] Deprecated property name '*display'
2025-03-28 16:03:50,046 WARN c.h.c.r.e.LoggingCSSParseErrorHandler: [698:53] Deprecated property name '*zoom'
2025-03-28 16:03:50,047 WARN c.h.c.r.e.LoggingCSSParseErrorHandler: [715:56] Deprecated property name '*zoom'
2025-03-28 16:03:50,047 WARN c.h.c.r.e.LoggingCSSParseErrorHandler: [723:47] Deprecated property name '*zoom'
2025-03-28 16:03:50,059 WARN c.h.c.r.e.LoggingCSSParseErrorHandler: [759:36] Deprecated property name '*overflow'
2025-03-28 16:03:50,061 WARN c.h.c.r.e.LoggingCSSParseErrorHandler: [793:167] Deprecated property name '*border'
2025-03-28 16:03:50,062 WARN c.h.c.r.e.LoggingCSSParseErrorHandler: [799:325] Deprecated property name '*zoom'
2025-03-28 16:03:50,062 WARN c.h.c.r.e.LoggingCSSParseErrorHandler: [805:18] Deprecated property name '*margin-bottom'
2025-03-28 16:03:50,062 WARN c.h.c.r.e.LoggingCSSParseErrorHandler: [809:231] Deprecated property name '*border-right-width'
2025-03-28 16:03:50,062 WARN c.h.c.r.e.LoggingCSSParseErrorHandler: [809:255] Deprecated property name '*border-bottom-width'
2025-03-28 16:03:50,063 WARN c.h.c.r.e.LoggingCSSParseErrorHandler: [810:25] Deprecated property name '*width'
2025-03-28 16:03:50,063 WARN c.h.c.r.e.LoggingCSSParseErrorHandler: [810:63] Deprecated property name '*margin'
2025-03-28 16:03:50,063 WARN c.h.c.r.e.LoggingCSSParseErrorHandler: [816:7] Deprecated property name '*z-index'
2025-03-28 16:03:50,067 WARN c.h.c.r.e.LoggingCSSParseErrorHandler: [873:2253] Deprecated property name '*zoom'
2025-03-28 16:03:50,068 WARN c.h.c.r.e.LoggingCSSParseErrorHandler: [873:3153] Deprecated property name '*zoom'
2025-03-28 16:03:50,068 WARN c.h.c.r.e.LoggingCSSParseErrorHandler: [873:3458] Deprecated property name '*margin-left'
2025-03-28 16:03:50,068 WARN c.h.c.r.e.LoggingCSSParseErrorHandler: [873:3668] Deprecated property name '*width'
2025-03-28 16:03:50,069 WARN c.h.c.r.e.LoggingCSSParseErrorHandler: [873:3740] Deprecated property name '*width'
2025-03-28 16:03:50,069 WARN c.h.c.r.e.LoggingCSSParseErrorHandler: [873:3812] Deprecated property name '*width'
2025-03-28 16:03:50,069 WARN c.h.c.r.e.LoggingCSSParseErrorHandler: [873:3883] Deprecated property name '*width'
2025-03-28 16:03:50,069 WARN c.h.c.r.e.LoggingCSSParseErrorHandler: [873:3954] Deprecated property name '*width'
2025-03-28 16:03:50,069 WARN c.h.c.r.e.LoggingCSSParseErrorHandler: [873:4025] Deprecated property name '*width'
2025-03-28 16:03:50,069 WARN c.h.c.r.e.LoggingCSSParseErrorHandler: [873:4096] Deprecated property name '*width'
2025-03-28 16:03:50,069 WARN c.h.c.r.e.LoggingCSSParseErrorHandler: [873:4167] Deprecated property name '*width'
2025-03-28 16:03:50,069 WARN c.h.c.r.e.LoggingCSSParseErrorHandler: [873:4239] Deprecated property name '*width'
2025-03-28 16:03:50,070 WARN c.h.c.r.e.LoggingCSSParseErrorHandler: [873:4310] Deprecated property name '*width'
2025-03-28 16:03:50,070 WARN c.h.c.r.e.LoggingCSSParseErrorHandler: [873:4380] Deprecated property name '*width'
2025-03-28 16:03:50,070 WARN c.h.c.r.e.LoggingCSSParseErrorHandler: [873:4452] Deprecated property name '*width'
2025-03-28 16:03:50,070 WARN c.h.c.r.e.LoggingCSSParseErrorHandler: [873:4533] Deprecated property name '*margin-left'
2025-03-28 16:03:50,070 WARN c.h.c.r.e.LoggingCSSParseErrorHandler: [873:4633] Deprecated property name '*margin-left'
2025-03-28 16:03:50,070 WARN c.h.c.r.e.LoggingCSSParseErrorHandler: [873:4719] Deprecated property name '*margin-left'
2025-03-28 16:03:50,070 WARN c.h.c.r.e.LoggingCSSParseErrorHandler: [873:4815] Deprecated property name '*margin-left'
2025-03-28 16:03:50,070 WARN c.h.c.r.e.LoggingCSSParseErrorHandler: [873:4901] Deprecated property name '*margin-left'
2025-03-28 16:03:50,071 WARN c.h.c.r.e.LoggingCSSParseErrorHandler: [873:4997] Deprecated property name '*margin-left'
2025-03-28 16:03:50,071 WARN c.h.c.r.e.LoggingCSSParseErrorHandler: [873:5081] Deprecated property name '*margin-left'
2025-03-28 16:03:50,071 WARN c.h.c.r.e.LoggingCSSParseErrorHandler: [873:5178] Deprecated property name '*margin-left'
2025-03-28 16:03:50,071 WARN c.h.c.r.e.LoggingCSSParseErrorHandler: [873:5262] Deprecated property name '*margin-left'
2025-03-28 16:03:50,071 WARN c.h.c.r.e.LoggingCSSParseErrorHandler: [873:5359] Deprecated property name '*margin-left'
2025-03-28 16:03:50,071 WARN c.h.c.r.e.LoggingCSSParseErrorHandler: [873:5444] Deprecated property name '*margin-left'
2025-03-28 16:03:50,071 WARN c.h.c.r.e.LoggingCSSParseErrorHandler: [873:5542] Deprecated property name '*margin-left'
2025-03-28 16:03:50,071 WARN c.h.c.r.e.LoggingCSSParseErrorHandler: [873:5628] Deprecated property name '*margin-left'
2025-03-28 16:03:50,072 WARN c.h.c.r.e.LoggingCSSParseErrorHandler: [873:5726] Deprecated property name '*margin-left'
2025-03-28 16:03:50,072 WARN c.h.c.r.e.LoggingCSSParseErrorHandler: [873:5811] Deprecated property name '*margin-left'
2025-03-28 16:03:50,072 WARN c.h.c.r.e.LoggingCSSParseErrorHandler: [873:5908] Deprecated property name '*margin-left'
2025-03-28 16:03:50,072 WARN c.h.c.r.e.LoggingCSSParseErrorHandler: [873:5993] Deprecated property name '*margin-left'
2025-03-28 16:03:50,072 WARN c.h.c.r.e.LoggingCSSParseErrorHandler: [873:6090] Deprecated property name '*margin-left'
2025-03-28 16:03:50,072 WARN c.h.c.r.e.LoggingCSSParseErrorHandler: [873:6175] Deprecated property name '*margin-left'
2025-03-28 16:03:50,072 WARN c.h.c.r.e.LoggingCSSParseErrorHandler: [873:6273] Deprecated property name '*margin-left'
2025-03-28 16:03:50,073 WARN c.h.c.r.e.LoggingCSSParseErrorHandler: [873:6359] Deprecated property name '*margin-left'
2025-03-28 16:03:50,073 WARN c.h.c.r.e.LoggingCSSParseErrorHandler: [873:6457] Deprecated property name '*margin-left'
2025-03-28 16:03:50,073 WARN c.h.c.r.e.LoggingCSSParseErrorHandler: [873:6542] Deprecated property name '*margin-left'
2025-03-28 16:03:50,073 WARN c.h.c.r.e.LoggingCSSParseErrorHandler: [873:6639] Deprecated property name '*margin-left'
2025-03-28 16:03:50,073 WARN c.h.c.r.e.LoggingCSSParseErrorHandler: [873:7623] Deprecated property name '*zoom'
2025-03-28 16:03:50,074 WARN c.h.c.r.e.LoggingCSSParseErrorHandler: [873:8530] Deprecated property name '*zoom'
2025-03-28 16:03:50,074 WARN c.h.c.r.e.LoggingCSSParseErrorHandler: [873:8834] Deprecated property name '*margin-left'
2025-03-28 16:03:50,074 WARN c.h.c.r.e.LoggingCSSParseErrorHandler: [873:9044] Deprecated property name '*width'
2025-03-28 16:03:50,075 WARN c.h.c.r.e.LoggingCSSParseErrorHandler: [873:9116] Deprecated property name '*width'
2025-03-28 16:03:50,075 WARN c.h.c.r.e.LoggingCSSParseErrorHandler: [873:9188] Deprecated property name '*width'
2025-03-28 16:03:50,075 WARN c.h.c.r.e.LoggingCSSParseErrorHandler: [873:9258] Deprecated property name '*width'
2025-03-28 16:03:50,075 WARN c.h.c.r.e.LoggingCSSParseErrorHandler: [873:9329] Deprecated property name '*width'
2025-03-28 16:03:50,075 WARN c.h.c.r.e.LoggingCSSParseErrorHandler: [873:9400] Deprecated property name '*width'
2025-03-28 16:03:50,075 WARN c.h.c.r.e.LoggingCSSParseErrorHandler: [873:9472] Deprecated property name '*width'
2025-03-28 16:03:50,075 WARN c.h.c.r.e.LoggingCSSParseErrorHandler: [873:9544] Deprecated property name '*width'
2025-03-28 16:03:50,075 WARN c.h.c.r.e.LoggingCSSParseErrorHandler: [873:9616] Deprecated property name '*width'
2025-03-28 16:03:50,076 WARN c.h.c.r.e.LoggingCSSParseErrorHandler: [873:9689] Deprecated property name '*width'
2025-03-28 16:03:50,076 WARN c.h.c.r.e.LoggingCSSParseErrorHandler: [873:9761] Deprecated property name '*width'
2025-03-28 16:03:50,076 WARN c.h.c.r.e.LoggingCSSParseErrorHandler: [873:9833] Deprecated property name '*width'
2025-03-28 16:03:50,076 WARN c.h.c.r.e.LoggingCSSParseErrorHandler: [873:9914] Deprecated property name '*margin-left'
2025-03-28 16:03:50,076 WARN c.h.c.r.e.LoggingCSSParseErrorHandler: [873:10014] Deprecated property name '*margin-left'
2025-03-28 16:03:50,076 WARN c.h.c.r.e.LoggingCSSParseErrorHandler: [873:10101] Deprecated property name '*margin-left'
2025-03-28 16:03:50,076 WARN c.h.c.r.e.LoggingCSSParseErrorHandler: [873:10199] Deprecated property name '*margin-left'
2025-03-28 16:03:50,077 WARN c.h.c.r.e.LoggingCSSParseErrorHandler: [873:10285] Deprecated property name '*margin-left'
2025-03-28 16:03:50,077 WARN c.h.c.r.e.LoggingCSSParseErrorHandler: [873:10383] Deprecated property name '*margin-left'
2025-03-28 16:03:50,077 WARN c.h.c.r.e.LoggingCSSParseErrorHandler: [873:10468] Deprecated property name '*margin-left'
2025-03-28 16:03:50,077 WARN c.h.c.r.e.LoggingCSSParseErrorHandler: [873:10565] Deprecated property name '*margin-left'
2025-03-28 16:03:50,077 WARN c.h.c.r.e.LoggingCSSParseErrorHandler: [873:10650] Deprecated property name '*margin-left'
2025-03-28 16:03:50,077 WARN c.h.c.r.e.LoggingCSSParseErrorHandler: [873:10747] Deprecated property name '*margin-left'
2025-03-28 16:03:50,077 WARN c.h.c.r.e.LoggingCSSParseErrorHandler: [873:10833] Deprecated property name '*margin-left'
2025-03-28 16:03:50,077 WARN c.h.c.r.e.LoggingCSSParseErrorHandler: [873:10930] Deprecated property name '*margin-left'
2025-03-28 16:03:50,078 WARN c.h.c.r.e.LoggingCSSParseErrorHandler: [873:11015] Deprecated property name '*margin-left'
2025-03-28 16:03:50,078 WARN c.h.c.r.e.LoggingCSSParseErrorHandler: [873:11113] Deprecated property name '*margin-left'
2025-03-28 16:03:50,078 WARN c.h.c.r.e.LoggingCSSParseErrorHandler: [873:11200] Deprecated property name '*margin-left'
2025-03-28 16:03:50,078 WARN c.h.c.r.e.LoggingCSSParseErrorHandler: [873:11296] Deprecated property name '*margin-left'
2025-03-28 16:03:50,078 WARN c.h.c.r.e.LoggingCSSParseErrorHandler: [873:11381] Deprecated property name '*margin-left'
2025-03-28 16:03:50,078 WARN c.h.c.r.e.LoggingCSSParseErrorHandler: [873:11479] Deprecated property name '*margin-left'
2025-03-28 16:03:50,078 WARN c.h.c.r.e.LoggingCSSParseErrorHandler: [873:11566] Deprecated property name '*margin-left'
2025-03-28 16:03:50,078 WARN c.h.c.r.e.LoggingCSSParseErrorHandler: [873:11663] Deprecated property name '*margin-left'
2025-03-28 16:03:50,079 WARN c.h.c.r.e.LoggingCSSParseErrorHandler: [873:11748] Deprecated property name '*margin-left'
2025-03-28 16:03:50,079 WARN c.h.c.r.e.LoggingCSSParseErrorHandler: [873:11847] Deprecated property name '*margin-left'
2025-03-28 16:03:50,079 WARN c.h.c.r.e.LoggingCSSParseErrorHandler: [873:11932] Deprecated property name '*margin-left'
2025-03-28 16:03:50,079 WARN c.h.c.r.e.LoggingCSSParseErrorHandler: [873:12030] Deprecated property name '*margin-left'
2025-03-28 16:03:50,321 INFO o.a.j.t.JMeterThread: Thread started: Workload 1 minute 5 users 1-2
2025-03-28 16:03:51,319 INFO o.a.j.t.JMeterThread: Thread started: Workload 1 minute 5 users 1-3
2025-03-28 16:03:52,315 INFO o.a.j.t.JMeterThread: Thread started: Workload 1 minute 5 users 1-4
2025-03-28 16:03:53,316 INFO o.a.j.t.JMeterThread: Thread started: Workload 1 minute 5 users 1-5
2025-03-28 16:04:00,336 INFO o.a.j.r.Summariser: summary +      8 in 00:00:11 =    0.7/s Avg:   356 Min:   226 Max:   567 Err:     0 (0.00%) Active: 5 Started: 5 Finished: 0
2025-03-28 16:04:23,049 INFO o.a.j.t.JMeterThread: Thread finished: Workload 1 minute 5 users 1-2
2025-03-28 16:04:26,252 INFO o.a.j.t.JMeterThread: Thread finished: Workload 1 minute 5 users 1-4
2025-03-28 16:04:35,367 INFO o.a.j.r.Summariser: summary +     17 in 00:00:35 =    0.5/s Avg:   258 Min:   208 Max:   382 Err:     0 (0.00%) Active: 3 Started: 5 Finished: 2
2025-03-28 16:04:35,368 INFO o.a.j.r.Summariser: summary =     25 in 00:00:46 =    0.5/s Avg:   289 Min:   208 Max:   567 Err:     0 (0.00%)
2025-03-28 16:04:35,870 INFO o.a.j.t.JMeterThread: Thread finished: Workload 1 minute 5 users 1-1
2025-03-28 16:04:48,818 INFO o.a.j.t.JMeterThread: Thread finished: Workload 1 minute 5 users 1-3
2025-03-28 16:04:49,138 INFO o.a.j.t.JMeterThread: Thread finished: Workload 1 minute 5 users 1-5
2025-03-28 16:04:49,140 INFO o.a.j.e.StandardJMeterEngine: Starting ThreadGroup: 2 : Workload 2 minute 10 users
2025-03-28 16:04:49,140 INFO o.a.j.e.StandardJMeterEngine: Starting 10 threads for group Workload 2 minute 10 users.
2025-03-28 16:04:49,140 INFO o.a.j.e.StandardJMeterEngine: Thread will continue on error
2025-03-28 16:04:49,141 INFO o.a.j.t.ThreadGroup: Starting thread group... number=2 threads=10 ramp-up=5 delayedStart=false
2025-03-28 16:04:49,151 INFO o.a.j.t.JMeterThread: Thread started: Workload 2 minute 10 users 2-1
2025-03-28 16:04:49,157 INFO o.a.j.t.ThreadGroup: Started thread group number 2
2025-03-28 16:04:49,157 INFO o.a.j.e.StandardJMeterEngine: Waiting for thread group: Workload 2 minute 10 users to finish before starting next group
2025-03-28 16:04:49,656 INFO o.a.j.t.JMeterThread: Thread started: Workload 2 minute 10 users 2-2
2025-03-28 16:04:50,144 INFO o.a.j.t.JMeterThread: Thread started: Workload 2 minute 10 users 2-3
2025-03-28 16:04:50,647 INFO o.a.j.t.JMeterThread: Thread started: Workload 2 minute 10 users 2-4
2025-03-28 16:04:51,147 INFO o.a.j.t.JMeterThread: Thread started: Workload 2 minute 10 users 2-5
2025-03-28 16:04:51,647 INFO o.a.j.t.JMeterThread: Thread started: Workload 2 minute 10 users 2-6
2025-03-28 16:04:52,147 INFO o.a.j.t.JMeterThread: Thread started: Workload 2 minute 10 users 2-7
2025-03-28 16:04:52,647 INFO o.a.j.t.JMeterThread: Thread started: Workload 2 minute 10 users 2-8
2025-03-28 16:04:53,148 INFO o.a.j.t.JMeterThread: Thread started: Workload 2 minute 10 users 2-9
2025-03-28 16:04:53,647 INFO o.a.j.t.JMeterThread: Thread started: Workload 2 minute 10 users 2-10
2025-03-28 16:05:00,278 INFO o.a.j.r.Summariser: summary +     19 in 00:00:25 =    0.8/s Avg:   377 Min:   221 Max:   581 Err:     0 (0.00%) Active: 10 Started: 15 Finished: 5
2025-03-28 16:05:00,279 INFO o.a.j.r.Summariser: summary =     44 in 00:01:11 =    0.6/s Avg:   327 Min:   208 Max:   581 Err:     0 (0.00%)
2025-03-28 16:05:22,216 INFO o.a.j.t.JMeterThread: Thread finished: Workload 2 minute 10 users 2-6
2025-03-28 16:05:29,527 INFO o.a.j.t.JMeterThread: Thread finished: Workload 2 minute 10 users 2-3
2025-03-28 16:05:30,940 INFO o.a.j.r.Summariser: summary +     33 in 00:00:31 =    1.1/s Avg:   326 Min:   215 Max:   464 Err:     0 (0.00%) Active: 8 Started: 15 Finished: 7
2025-03-28 16:05:30,940 INFO o.a.j.r.Summariser: summary =     77 in 00:01:42 =    0.8/s Avg:   327 Min:   208 Max:   581 Err:     0 (0.00%)
2025-03-28 16:05:39,540 INFO o.a.j.t.JMeterThread: Thread finished: Workload 2 minute 10 users 2-2
2025-03-28 16:05:41,969 INFO o.a.j.t.JMeterThread: Thread finished: Workload 2 minute 10 users 2-8
2025-03-28 16:05:42,399 INFO o.a.j.t.JMeterThread: Thread finished: Workload 2 minute 10 users 2-9
2025-03-28 16:05:42,592 INFO o.a.j.t.JMeterThread: Thread finished: Workload 2 minute 10 users 2-7
2025-03-28 16:05:46,803 INFO o.a.j.t.JMeterThread: Thread finished: Workload 2 minute 10 users 2-4
2025-03-28 16:05:47,705 INFO o.a.j.t.JMeterThread: Thread finished: Workload 2 minute 10 users 2-1
2025-03-28 16:05:48,212 INFO o.a.j.t.JMeterThread: Thread finished: Workload 2 minute 10 users 2-5
2025-03-28 16:05:49,634 INFO o.a.j.t.JMeterThread: Stopping because end time detected by thread: Workload 2 minute 10 users 2-10
2025-03-28 16:05:49,635 INFO o.a.j.t.JMeterThread: Thread finished: Workload 2 minute 10 users 2-10
2025-03-28 16:05:49,638 INFO o.a.j.e.StandardJMeterEngine: Starting ThreadGroup: 3 : Workload 3 minute 15 users
2025-03-28 16:05:49,638 INFO o.a.j.e.StandardJMeterEngine: Starting 15 threads for group Workload 3 minute 15 users.
2025-03-28 16:05:49,638 INFO o.a.j.e.StandardJMeterEngine: Thread will continue on error
2025-03-28 16:05:49,638 INFO o.a.j.t.ThreadGroup: Starting thread group... number=3 threads=15 ramp-up=5 delayedStart=false
2025-03-28 16:05:49,641 INFO o.a.j.t.JMeterThread: Thread started: Workload 3 minute 15 users 3-1
2025-03-28 16:05:49,647 INFO o.a.j.t.ThreadGroup: Started thread group number 3
2025-03-28 16:05:49,647 INFO o.a.j.e.StandardJMeterEngine: Waiting for thread group: Workload 3 minute 15 users to finish before starting next group
2025-03-28 16:05:49,973 INFO o.a.j.t.JMeterThread: Thread started: Workload 3 minute 15 users 3-2
2025-03-28 16:05:50,310 INFO o.a.j.t.JMeterThread: Thread started: Workload 3 minute 15 users 3-3
2025-03-28 16:05:50,643 INFO o.a.j.t.JMeterThread: Thread started: Workload 3 minute 15 users 3-4
2025-03-28 16:05:50,977 INFO o.a.j.t.JMeterThread: Thread started: Workload 3 minute 15 users 3-5
2025-03-28 16:05:51,309 INFO o.a.j.t.JMeterThread: Thread started: Workload 3 minute 15 users 3-6
2025-03-28 16:05:51,642 INFO o.a.j.t.JMeterThread: Thread started: Workload 3 minute 15 users 3-7
2025-03-28 16:05:51,977 INFO o.a.j.t.JMeterThread: Thread started: Workload 3 minute 15 users 3-8
2025-03-28 16:05:52,308 INFO o.a.j.t.JMeterThread: Thread started: Workload 3 minute 15 users 3-9
2025-03-28 16:05:52,641 INFO o.a.j.t.JMeterThread: Thread started: Workload 3 minute 15 users 3-10
2025-03-28 16:05:52,974 INFO o.a.j.t.JMeterThread: Thread started: Workload 3 minute 15 users 3-11
2025-03-28 16:05:53,307 INFO o.a.j.t.JMeterThread: Thread started: Workload 3 minute 15 users 3-12
2025-03-28 16:05:53,639 INFO o.a.j.t.JMeterThread: Thread started: Workload 3 minute 15 users 3-13
2025-03-28 16:05:53,973 INFO o.a.j.t.JMeterThread: Thread started: Workload 3 minute 15 users 3-14
2025-03-28 16:05:54,306 INFO o.a.j.t.JMeterThread: Thread started: Workload 3 minute 15 users 3-15
2025-03-28 16:06:00,438 INFO o.a.j.r.Summariser: summary +     44 in 00:00:29 =    1.5/s Avg:   327 Min:   212 Max:   594 Err:     0 (0.00%) Active: 15 Started: 30 Finished: 15
2025-03-28 16:06:00,438 INFO o.a.j.r.Summariser: summary =    121 in 00:02:11 =    0.9/s Avg:   327 Min:   208 Max:   594 Err:     0 (0.00%)
2025-03-28 16:06:17,054 INFO o.a.j.t.JMeterThread: Thread finished: Workload 3 minute 15 users 3-1
2025-03-28 16:06:22,109 INFO o.a.j.t.JMeterThread: Thread finished: Workload 3 minute 15 users 3-4
2025-03-28 16:06:24,830 INFO o.a.j.t.JMeterThread: Thread finished: Workload 3 minute 15 users 3-11
2025-03-28 16:06:30,459 INFO o.a.j.r.Summariser: summary +     46 in 00:00:30 =    1.5/s Avg:   301 Min:   205 Max:   527 Err:     0 (0.00%) Active: 12 Started: 30 Finished: 18
2025-03-28 16:06:30,460 INFO o.a.j.r.Summariser: summary =    167 in 00:02:41 =    1.0/s Avg:   320 Min:   205 Max:   594 Err:     0 (0.00%)
2025-03-28 16:06:30,461 INFO o.a.j.t.JMeterThread: Thread finished: Workload 3 minute 15 users 3-8
2025-03-28 16:06:30,740 INFO o.a.j.t.JMeterThread: Thread finished: Workload 3 minute 15 users 3-15
2025-03-28 16:06:31,613 INFO o.a.j.t.JMeterThread: Thread finished: Workload 3 minute 15 users 3-12
2025-03-28 16:06:33,042 INFO o.a.j.t.JMeterThread: Thread finished: Workload 3 minute 15 users 3-2
2025-03-28 16:06:33,448 INFO o.a.j.t.JMeterThread: Thread finished: Workload 3 minute 15 users 3-7
2025-03-28 16:06:36,615 INFO o.a.j.t.JMeterThread: Thread finished: Workload 3 minute 15 users 3-5
2025-03-28 16:06:37,043 INFO o.a.j.t.JMeterThread: Thread finished: Workload 3 minute 15 users 3-9
2025-03-28 16:06:46,956 INFO o.a.j.t.JMeterThread: Thread finished: Workload 3 minute 15 users 3-13
2025-03-28 16:06:47,707 INFO o.a.j.t.JMeterThread: Thread finished: Workload 3 minute 15 users 3-10
2025-03-28 16:06:48,753 INFO o.a.j.t.JMeterThread: Thread finished: Workload 3 minute 15 users 3-6
2025-03-28 16:06:49,159 INFO o.a.j.t.JMeterThread: Thread finished: Workload 3 minute 15 users 3-14
2025-03-28 16:06:49,277 INFO o.a.j.t.JMeterThread: Thread finished: Workload 3 minute 15 users 3-3
2025-03-28 16:06:49,279 INFO o.a.j.e.StandardJMeterEngine: Starting ThreadGroup: 4 : Workload 4 minute 20 users
2025-03-28 16:06:49,279 INFO o.a.j.e.StandardJMeterEngine: Starting 20 threads for group Workload 4 minute 20 users.
2025-03-28 16:06:49,279 INFO o.a.j.e.StandardJMeterEngine: Thread will continue on error
2025-03-28 16:06:49,280 INFO o.a.j.t.ThreadGroup: Starting thread group... number=4 threads=20 ramp-up=5 delayedStart=false
2025-03-28 16:06:49,282 INFO o.a.j.t.JMeterThread: Thread started: Workload 4 minute 20 users 4-1
2025-03-28 16:06:49,288 INFO o.a.j.t.ThreadGroup: Started thread group number 4
2025-03-28 16:06:49,289 INFO o.a.j.e.StandardJMeterEngine: All thread groups have been started
2025-03-28 16:06:49,536 INFO o.a.j.t.JMeterThread: Thread started: Workload 4 minute 20 users 4-2
2025-03-28 16:06:49,783 INFO o.a.j.t.JMeterThread: Thread started: Workload 4 minute 20 users 4-3
2025-03-28 16:06:50,036 INFO o.a.j.t.JMeterThread: Thread started: Workload 4 minute 20 users 4-4
2025-03-28 16:06:50,284 INFO o.a.j.t.JMeterThread: Thread started: Workload 4 minute 20 users 4-5
2025-03-28 16:06:50,535 INFO o.a.j.t.JMeterThread: Thread started: Workload 4 minute 20 users 4-6
2025-03-28 16:06:50,786 INFO o.a.j.t.JMeterThread: Thread started: Workload 4 minute 20 users 4-7
2025-03-28 16:06:51,036 INFO o.a.j.t.JMeterThread: Thread started: Workload 4 minute 20 users 4-8
2025-03-28 16:06:51,286 INFO o.a.j.t.JMeterThread: Thread started: Workload 4 minute 20 users 4-9
2025-03-28 16:06:51,536 INFO o.a.j.t.JMeterThread: Thread started: Workload 4 minute 20 users 4-10
2025-03-28 16:06:51,786 INFO o.a.j.t.JMeterThread: Thread started: Workload 4 minute 20 users 4-11
2025-03-28 16:06:52,032 INFO o.a.j.t.JMeterThread: Thread started: Workload 4 minute 20 users 4-12
2025-03-28 16:06:52,287 INFO o.a.j.t.JMeterThread: Thread started: Workload 4 minute 20 users 4-13
2025-03-28 16:06:52,535 INFO o.a.j.t.JMeterThread: Thread started: Workload 4 minute 20 users 4-14
2025-03-28 16:06:52,786 INFO o.a.j.t.JMeterThread: Thread started: Workload 4 minute 20 users 4-15
2025-03-28 16:06:53,036 INFO o.a.j.t.JMeterThread: Thread started: Workload 4 minute 20 users 4-16
2025-03-28 16:06:53,281 INFO o.a.j.t.JMeterThread: Thread started: Workload 4 minute 20 users 4-17
2025-03-28 16:06:53,536 INFO o.a.j.t.JMeterThread: Thread started: Workload 4 minute 20 users 4-18
2025-03-28 16:06:53,786 INFO o.a.j.t.JMeterThread: Thread started: Workload 4 minute 20 users 4-19
2025-03-28 16:06:54,031 INFO o.a.j.t.JMeterThread: Thread started: Workload 4 minute 20 users 4-20
2025-03-28 16:07:00,098 INFO o.a.j.r.Summariser: summary +     48 in 00:00:30 =    1.6/s Avg:   349 Min:   188 Max:   557 Err:     0 (0.00%) Active: 20 Started: 50 Finished: 30
2025-03-28 16:07:00,100 INFO o.a.j.r.Summariser: summary =    215 in 00:03:11 =    1.1/s Avg:   326 Min:   188 Max:   594 Err:     0 (0.00%)
2025-03-28 16:07:06,848 WARN c.h.c.r.e.LoggingCSSParseErrorHandler: [10:11] Deprecated property name '*zoom'
2025-03-28 16:07:06,849 WARN c.h.c.r.e.LoggingCSSParseErrorHandler: [15:41] Deprecated property name '*display'
2025-03-28 16:07:06,849 WARN c.h.c.r.e.LoggingCSSParseErrorHandler: [15:57] Deprecated property name '*zoom'
2025-03-28 16:07:06,850 WARN c.h.c.r.e.LoggingCSSParseErrorHandler: [26:14] Deprecated property name '*overflow'
2025-03-28 16:07:06,852 WARN c.h.c.r.e.LoggingCSSParseErrorHandler: [39:24] Deprecated property name '*zoom'
2025-03-28 16:07:06,853 WARN c.h.c.r.e.LoggingCSSParseErrorHandler: [67:23] Deprecated property name '*zoom'
2025-03-28 16:07:06,853 WARN c.h.c.r.e.LoggingCSSParseErrorHandler: [69:190] Deprecated property name '*margin-left'
2025-03-28 16:07:06,854 WARN c.h.c.r.e.LoggingCSSParseErrorHandler: [72:31] Deprecated property name '*width'
2025-03-28 16:07:06,854 WARN c.h.c.r.e.LoggingCSSParseErrorHandler: [73:45] Deprecated property name '*width'
2025-03-28 16:07:06,854 WARN c.h.c.r.e.LoggingCSSParseErrorHandler: [74:45] Deprecated property name '*width'
2025-03-28 16:07:06,854 WARN c.h.c.r.e.LoggingCSSParseErrorHandler: [75:44] Deprecated property name '*width'
2025-03-28 16:07:06,855 WARN c.h.c.r.e.LoggingCSSParseErrorHandler: [76:44] Deprecated property name '*width'
2025-03-28 16:07:06,855 WARN c.h.c.r.e.LoggingCSSParseErrorHandler: [77:44] Deprecated property name '*width'
2025-03-28 16:07:06,855 WARN c.h.c.r.e.LoggingCSSParseErrorHandler: [78:44] Deprecated property name '*width'
2025-03-28 16:07:06,855 WARN c.h.c.r.e.LoggingCSSParseErrorHandler: [79:44] Deprecated property name '*width'
2025-03-28 16:07:06,855 WARN c.h.c.r.e.LoggingCSSParseErrorHandler: [80:45] Deprecated property name '*width'
2025-03-28 16:07:06,856 WARN c.h.c.r.e.LoggingCSSParseErrorHandler: [81:45] Deprecated property name '*width'
2025-03-28 16:07:06,856 WARN c.h.c.r.e.LoggingCSSParseErrorHandler: [82:45] Deprecated property name '*width'
2025-03-28 16:07:06,856 WARN c.h.c.r.e.LoggingCSSParseErrorHandler: [83:44] Deprecated property name '*width'
2025-03-28 16:07:06,856 WARN c.h.c.r.e.LoggingCSSParseErrorHandler: [84:54] Deprecated property name '*margin-left'
2025-03-28 16:07:06,856 WARN c.h.c.r.e.LoggingCSSParseErrorHandler: [85:66] Deprecated property name '*margin-left'
2025-03-28 16:07:06,857 WARN c.h.c.r.e.LoggingCSSParseErrorHandler: [86:53] Deprecated property name '*margin-left'
2025-03-28 16:07:06,857 WARN c.h.c.r.e.LoggingCSSParseErrorHandler: [87:65] Deprecated property name '*margin-left'
2025-03-28 16:07:06,857 WARN c.h.c.r.e.LoggingCSSParseErrorHandler: [88:53] Deprecated property name '*margin-left'
2025-03-28 16:07:06,857 WARN c.h.c.r.e.LoggingCSSParseErrorHandler: [89:64] Deprecated property name '*margin-left'
2025-03-28 16:07:06,857 WARN c.h.c.r.e.LoggingCSSParseErrorHandler: [90:52] Deprecated property name '*margin-left'
2025-03-28 16:07:06,858 WARN c.h.c.r.e.LoggingCSSParseErrorHandler: [91:64] Deprecated property name '*margin-left'
2025-03-28 16:07:06,858 WARN c.h.c.r.e.LoggingCSSParseErrorHandler: [92:51] Deprecated property name '*margin-left'
2025-03-28 16:07:06,858 WARN c.h.c.r.e.LoggingCSSParseErrorHandler: [93:64] Deprecated property name '*margin-left'
2025-03-28 16:07:06,858 WARN c.h.c.r.e.LoggingCSSParseErrorHandler: [94:52] Deprecated property name '*margin-left'
2025-03-28 16:07:06,858 WARN c.h.c.r.e.LoggingCSSParseErrorHandler: [95:65] Deprecated property name '*margin-left'
2025-03-28 16:07:06,859 WARN c.h.c.r.e.LoggingCSSParseErrorHandler: [96:53] Deprecated property name '*margin-left'
2025-03-28 16:07:06,859 WARN c.h.c.r.e.LoggingCSSParseErrorHandler: [97:65] Deprecated property name '*margin-left'
2025-03-28 16:07:06,859 WARN c.h.c.r.e.LoggingCSSParseErrorHandler: [98:52] Deprecated property name '*margin-left'
2025-03-28 16:07:06,859 WARN c.h.c.r.e.LoggingCSSParseErrorHandler: [99:63] Deprecated property name '*margin-left'
2025-03-28 16:07:06,859 WARN c.h.c.r.e.LoggingCSSParseErrorHandler: [100:53] Deprecated property name '*margin-left'
2025-03-28 16:07:06,860 WARN c.h.c.r.e.LoggingCSSParseErrorHandler: [101:64] Deprecated property name '*margin-left'
2025-03-28 16:07:06,860 WARN c.h.c.r.e.LoggingCSSParseErrorHandler: [102:53] Deprecated property name '*margin-left'
2025-03-28 16:07:06,860 WARN c.h.c.r.e.LoggingCSSParseErrorHandler: [103:64] Deprecated property name '*margin-left'
2025-03-28 16:07:06,860 WARN c.h.c.r.e.LoggingCSSParseErrorHandler: [104:53] Deprecated property name '*margin-left'
2025-03-28 16:07:06,860 WARN c.h.c.r.e.LoggingCSSParseErrorHandler: [105:64] Deprecated property name '*margin-left'
2025-03-28 16:07:06,861 WARN c.h.c.r.e.LoggingCSSParseErrorHandler: [106:53] Deprecated property name '*margin-left'
2025-03-28 16:07:06,861 WARN c.h.c.r.e.LoggingCSSParseErrorHandler: [107:63] Deprecated property name '*margin-left'
2025-03-28 16:07:06,861 WARN c.h.c.r.e.LoggingCSSParseErrorHandler: [110:47] Deprecated property name '*zoom'
2025-03-28 16:07:06,861 WARN c.h.c.r.e.LoggingCSSParseErrorHandler: [112:55] Deprecated property name '*zoom'
2025-03-28 16:07:06,862 WARN c.h.c.r.e.LoggingCSSParseErrorHandler: [150:99] Deprecated property name '*display'
2025-03-28 16:07:06,862 WARN c.h.c.r.e.LoggingCSSParseErrorHandler: [150:115] Deprecated property name '*zoom'
2025-03-28 16:07:06,862 WARN c.h.c.r.e.LoggingCSSParseErrorHandler: [155:16] Deprecated property name '*zoom'
2025-03-28 16:07:06,865 WARN c.h.c.r.e.LoggingCSSParseErrorHandler: [199:67] Deprecated property name '*border-collapse'
2025-03-28 16:07:06,870 WARN c.h.c.r.e.LoggingCSSParseErrorHandler: [242:59] Deprecated property name '*margin-top'
2025-03-28 16:07:06,870 WARN c.h.c.r.e.LoggingCSSParseErrorHandler: [244:39] Deprecated property name '*margin-top'
2025-03-28 16:07:06,872 WARN c.h.c.r.e.LoggingCSSParseErrorHandler: [281:15] Deprecated property name '*zoom'
2025-03-28 16:07:06,875 WARN c.h.c.r.e.LoggingCSSParseErrorHandler: [304:127] Deprecated property name '*zoom'
2025-03-28 16:07:06,875 WARN c.h.c.r.e.LoggingCSSParseErrorHandler: [308:35] Deprecated property name '*display'
2025-03-28 16:07:06,875 WARN c.h.c.r.e.LoggingCSSParseErrorHandler: [308:51] Deprecated property name '*zoom'
2025-03-28 16:07:06,875 WARN c.h.c.r.e.LoggingCSSParseErrorHandler: [310:184] Deprecated property name '*margin-left'
2025-03-28 16:07:06,878 WARN c.h.c.r.e.LoggingCSSParseErrorHandler: [329:569] Deprecated property name '*display'
2025-03-28 16:07:06,878 WARN c.h.c.r.e.LoggingCSSParseErrorHandler: [329:585] Deprecated property name '*zoom'
2025-03-28 16:07:06,879 WARN c.h.c.r.e.LoggingCSSParseErrorHandler: [337:52] Deprecated property name '*zoom'
2025-03-28 16:07:06,879 WARN c.h.c.r.e.LoggingCSSParseErrorHandler: [340:28] Deprecated property name '*display'
2025-03-28 16:07:06,879 WARN c.h.c.r.e.LoggingCSSParseErrorHandler: [340:50] Deprecated property name '*padding-left'
2025-03-28 16:07:06,879 WARN c.h.c.r.e.LoggingCSSParseErrorHandler: [340:87] Deprecated property name '*margin-left'
2025-03-28 16:07:06,879 WARN c.h.c.r.e.LoggingCSSParseErrorHandler: [340:142] Deprecated property name '*padding-left'
2025-03-28 16:07:06,879 WARN c.h.c.r.e.LoggingCSSParseErrorHandler: [344:27] Deprecated property name '*display'
2025-03-28 16:07:06,879 WARN c.h.c.r.e.LoggingCSSParseErrorHandler: [344:43] Deprecated property name '*zoom'
2025-03-28 16:07:06,880 WARN c.h.c.r.e.LoggingCSSParseErrorHandler: [344:840] Deprecated property name '*background-color'
2025-03-28 16:07:06,880 WARN c.h.c.r.e.LoggingCSSParseErrorHandler: [344:958] Deprecated property name '*border'
2025-03-28 16:07:06,880 WARN c.h.c.r.e.LoggingCSSParseErrorHandler: [344:1063] Deprecated property name '*margin-left'
2025-03-28 16:07:06,880 WARN c.h.c.r.e.LoggingCSSParseErrorHandler: [344:1428] Deprecated property name '*background-color'
2025-03-28 16:07:06,880 WARN c.h.c.r.e.LoggingCSSParseErrorHandler: [346:18] Deprecated property name '*margin-left'
2025-03-28 16:07:06,882 WARN c.h.c.r.e.LoggingCSSParseErrorHandler: [361:676] Deprecated property name '*background-color'
2025-03-28 16:07:06,882 WARN c.h.c.r.e.LoggingCSSParseErrorHandler: [361:932] Deprecated property name '*background-color'
2025-03-28 16:07:06,882 WARN c.h.c.r.e.LoggingCSSParseErrorHandler: [363:676] Deprecated property name '*background-color'
2025-03-28 16:07:06,882 WARN c.h.c.r.e.LoggingCSSParseErrorHandler: [363:932] Deprecated property name '*background-color'
2025-03-28 16:07:06,883 WARN c.h.c.r.e.LoggingCSSParseErrorHandler: [365:675] Deprecated property name '*background-color'
2025-03-28 16:07:06,883 WARN c.h.c.r.e.LoggingCSSParseErrorHandler: [365:925] Deprecated property name '*background-color'
2025-03-28 16:07:06,883 WARN c.h.c.r.e.LoggingCSSParseErrorHandler: [367:676] Deprecated property name '*background-color'
2025-03-28 16:07:06,883 WARN c.h.c.r.e.LoggingCSSParseErrorHandler: [367:932] Deprecated property name '*background-color'
2025-03-28 16:07:06,884 WARN c.h.c.r.e.LoggingCSSParseErrorHandler: [369:673] Deprecated property name '*background-color'
2025-03-28 16:07:06,884 WARN c.h.c.r.e.LoggingCSSParseErrorHandler: [369:911] Deprecated property name '*background-color'
2025-03-28 16:07:06,884 WARN c.h.c.r.e.LoggingCSSParseErrorHandler: [371:676] Deprecated property name '*background-color'
2025-03-28 16:07:06,884 WARN c.h.c.r.e.LoggingCSSParseErrorHandler: [371:932] Deprecated property name '*background-color'
2025-03-28 16:07:06,884 WARN c.h.c.r.e.LoggingCSSParseErrorHandler: [373:37] Deprecated property name '*padding-top'
2025-03-28 16:07:06,884 WARN c.h.c.r.e.LoggingCSSParseErrorHandler: [373:54] Deprecated property name '*padding-bottom'
2025-03-28 16:07:06,885 WARN c.h.c.r.e.LoggingCSSParseErrorHandler: [374:57] Deprecated property name '*padding-top'
2025-03-28 16:07:06,885 WARN c.h.c.r.e.LoggingCSSParseErrorHandler: [374:74] Deprecated property name '*padding-bottom'
2025-03-28 16:07:06,885 WARN c.h.c.r.e.LoggingCSSParseErrorHandler: [375:57] Deprecated property name '*padding-top'
2025-03-28 16:07:06,885 WARN c.h.c.r.e.LoggingCSSParseErrorHandler: [375:74] Deprecated property name '*padding-bottom'
2025-03-28 16:07:06,885 WARN c.h.c.r.e.LoggingCSSParseErrorHandler: [376:55] Deprecated property name '*padding-top'
2025-03-28 16:07:06,885 WARN c.h.c.r.e.LoggingCSSParseErrorHandler: [376:72] Deprecated property name '*padding-bottom'
2025-03-28 16:07:06,885 WARN c.h.c.r.e.LoggingCSSParseErrorHandler: [381:80] Deprecated property name '*margin-right'
2025-03-28 16:07:06,891 WARN c.h.c.r.e.LoggingCSSParseErrorHandler: [523:51] Deprecated property name '*display'
2025-03-28 16:07:06,891 WARN c.h.c.r.e.LoggingCSSParseErrorHandler: [523:67] Deprecated property name '*zoom'
2025-03-28 16:07:06,891 WARN c.h.c.r.e.LoggingCSSParseErrorHandler: [523:128] Deprecated property name '*margin-left'
2025-03-28 16:07:06,891 WARN c.h.c.r.e.LoggingCSSParseErrorHandler: [523:170] Deprecated property name '*margin-left'
2025-03-28 16:07:06,893 WARN c.h.c.r.e.LoggingCSSParseErrorHandler: [538:415] Deprecated property name '*padding-top'
2025-03-28 16:07:06,893 WARN c.h.c.r.e.LoggingCSSParseErrorHandler: [538:432] Deprecated property name '*padding-bottom'
2025-03-28 16:07:06,893 WARN c.h.c.r.e.LoggingCSSParseErrorHandler: [539:74] Deprecated property name '*padding-top'
2025-03-28 16:07:06,893 WARN c.h.c.r.e.LoggingCSSParseErrorHandler: [539:91] Deprecated property name '*padding-bottom'
2025-03-28 16:07:06,893 WARN c.h.c.r.e.LoggingCSSParseErrorHandler: [540:40] Deprecated property name '*padding-top'
2025-03-28 16:07:06,893 WARN c.h.c.r.e.LoggingCSSParseErrorHandler: [540:57] Deprecated property name '*padding-bottom'
2025-03-28 16:07:06,893 WARN c.h.c.r.e.LoggingCSSParseErrorHandler: [541:77] Deprecated property name '*padding-top'
2025-03-28 16:07:06,893 WARN c.h.c.r.e.LoggingCSSParseErrorHandler: [541:94] Deprecated property name '*padding-bottom'
2025-03-28 16:07:06,894 WARN c.h.c.r.e.LoggingCSSParseErrorHandler: [556:42] Deprecated property name '*display'
2025-03-28 16:07:06,894 WARN c.h.c.r.e.LoggingCSSParseErrorHandler: [556:58] Deprecated property name '*zoom'
2025-03-28 16:07:06,895 WARN c.h.c.r.e.LoggingCSSParseErrorHandler: [575:20] Deprecated property name '*width'
2025-03-28 16:07:06,895 WARN c.h.c.r.e.LoggingCSSParseErrorHandler: [575:58] Deprecated property name '*margin'
2025-03-28 16:07:06,895 WARN c.h.c.r.e.LoggingCSSParseErrorHandler: [576:22] Deprecated property name '*zoom'
2025-03-28 16:07:06,896 WARN c.h.c.r.e.LoggingCSSParseErrorHandler: [606:11] Deprecated property name '*zoom'
2025-03-28 16:07:06,897 WARN c.h.c.r.e.LoggingCSSParseErrorHandler: [621:146] Deprecated property name '*border-right-color'
2025-03-28 16:07:06,897 WARN c.h.c.r.e.LoggingCSSParseErrorHandler: [625:149] Deprecated property name '*border-left-color'
2025-03-28 16:07:06,897 WARN c.h.c.r.e.LoggingCSSParseErrorHandler: [628:45] Deprecated property name '*position'
2025-03-28 16:07:06,897 WARN c.h.c.r.e.LoggingCSSParseErrorHandler: [628:64] Deprecated property name '*z-index'
2025-03-28 16:07:06,898 WARN c.h.c.r.e.LoggingCSSParseErrorHandler: [629:798] Deprecated property name '*zoom'
2025-03-28 16:07:06,898 WARN c.h.c.r.e.LoggingCSSParseErrorHandler: [639:30] Deprecated property name '*zoom'
2025-03-28 16:07:06,900 WARN c.h.c.r.e.LoggingCSSParseErrorHandler: [662:758] Deprecated property name '*background-color'
2025-03-28 16:07:06,900 WARN c.h.c.r.e.LoggingCSSParseErrorHandler: [662:1303] Deprecated property name '*background-color'
2025-03-28 16:07:06,903 WARN c.h.c.r.e.LoggingCSSParseErrorHandler: [693:691] Deprecated property name '*background-color'
2025-03-28 16:07:06,903 WARN c.h.c.r.e.LoggingCSSParseErrorHandler: [693:1037] Deprecated property name '*background-color'
2025-03-28 16:07:06,903 WARN c.h.c.r.e.LoggingCSSParseErrorHandler: [695:191] Deprecated property name '*display'
2025-03-28 16:07:06,903 WARN c.h.c.r.e.LoggingCSSParseErrorHandler: [695:207] Deprecated property name '*zoom'
2025-03-28 16:07:06,904 WARN c.h.c.r.e.LoggingCSSParseErrorHandler: [698:37] Deprecated property name '*display'
2025-03-28 16:07:06,904 WARN c.h.c.r.e.LoggingCSSParseErrorHandler: [698:53] Deprecated property name '*zoom'
2025-03-28 16:07:06,905 WARN c.h.c.r.e.LoggingCSSParseErrorHandler: [715:56] Deprecated property name '*zoom'
2025-03-28 16:07:06,905 WARN c.h.c.r.e.LoggingCSSParseErrorHandler: [723:47] Deprecated property name '*zoom'
2025-03-28 16:07:06,931 WARN c.h.c.r.e.LoggingCSSParseErrorHandler: [759:36] Deprecated property name '*overflow'
2025-03-28 16:07:06,934 WARN c.h.c.r.e.LoggingCSSParseErrorHandler: [793:167] Deprecated property name '*border'
2025-03-28 16:07:06,935 WARN c.h.c.r.e.LoggingCSSParseErrorHandler: [799:325] Deprecated property name '*zoom'
2025-03-28 16:07:06,935 WARN c.h.c.r.e.LoggingCSSParseErrorHandler: [805:18] Deprecated property name '*margin-bottom'
2025-03-28 16:07:06,935 WARN c.h.c.r.e.LoggingCSSParseErrorHandler: [809:231] Deprecated property name '*border-right-width'
2025-03-28 16:07:06,935 WARN c.h.c.r.e.LoggingCSSParseErrorHandler: [809:255] Deprecated property name '*border-bottom-width'
2025-03-28 16:07:06,935 WARN c.h.c.r.e.LoggingCSSParseErrorHandler: [810:25] Deprecated property name '*width'
2025-03-28 16:07:06,935 WARN c.h.c.r.e.LoggingCSSParseErrorHandler: [810:63] Deprecated property name '*margin'
2025-03-28 16:07:06,936 WARN c.h.c.r.e.LoggingCSSParseErrorHandler: [816:7] Deprecated property name '*z-index'
2025-03-28 16:07:06,940 WARN c.h.c.r.e.LoggingCSSParseErrorHandler: [873:2253] Deprecated property name '*zoom'
2025-03-28 16:07:06,940 WARN c.h.c.r.e.LoggingCSSParseErrorHandler: [873:3153] Deprecated property name '*zoom'
2025-03-28 16:07:06,941 WARN c.h.c.r.e.LoggingCSSParseErrorHandler: [873:3458] Deprecated property name '*margin-left'
2025-03-28 16:07:06,941 WARN c.h.c.r.e.LoggingCSSParseErrorHandler: [873:3668] Deprecated property name '*width'
2025-03-28 16:07:06,941 WARN c.h.c.r.e.LoggingCSSParseErrorHandler: [873:3740] Deprecated property name '*width'
2025-03-28 16:07:06,941 WARN c.h.c.r.e.LoggingCSSParseErrorHandler: [873:3812] Deprecated property name '*width'
2025-03-28 16:07:06,941 WARN c.h.c.r.e.LoggingCSSParseErrorHandler: [873:3883] Deprecated property name '*width'
2025-03-28 16:07:06,941 WARN c.h.c.r.e.LoggingCSSParseErrorHandler: [873:3954] Deprecated property name '*width'
2025-03-28 16:07:06,941 WARN c.h.c.r.e.LoggingCSSParseErrorHandler: [873:4025] Deprecated property name '*width'
2025-03-28 16:07:06,941 WARN c.h.c.r.e.LoggingCSSParseErrorHandler: [873:4096] Deprecated property name '*width'
2025-03-28 16:07:06,942 WARN c.h.c.r.e.LoggingCSSParseErrorHandler: [873:4167] Deprecated property name '*width'
2025-03-28 16:07:06,942 WARN c.h.c.r.e.LoggingCSSParseErrorHandler: [873:4239] Deprecated property name '*width'
2025-03-28 16:07:06,942 WARN c.h.c.r.e.LoggingCSSParseErrorHandler: [873:4310] Deprecated property name '*width'
2025-03-28 16:07:06,942 WARN c.h.c.r.e.LoggingCSSParseErrorHandler: [873:4380] Deprecated property name '*width'
2025-03-28 16:07:06,942 WARN c.h.c.r.e.LoggingCSSParseErrorHandler: [873:4452] Deprecated property name '*width'
2025-03-28 16:07:06,942 WARN c.h.c.r.e.LoggingCSSParseErrorHandler: [873:4533] Deprecated property name '*margin-left'
2025-03-28 16:07:06,942 WARN c.h.c.r.e.LoggingCSSParseErrorHandler: [873:4633] Deprecated property name '*margin-left'
2025-03-28 16:07:06,942 WARN c.h.c.r.e.LoggingCSSParseErrorHandler: [873:4719] Deprecated property name '*margin-left'
2025-03-28 16:07:06,942 WARN c.h.c.r.e.LoggingCSSParseErrorHandler: [873:4815] Deprecated property name '*margin-left'
2025-03-28 16:07:06,943 WARN c.h.c.r.e.LoggingCSSParseErrorHandler: [873:4901] Deprecated property name '*margin-left'
2025-03-28 16:07:06,943 WARN c.h.c.r.e.LoggingCSSParseErrorHandler: [873:4997] Deprecated property name '*margin-left'
2025-03-28 16:07:06,943 WARN c.h.c.r.e.LoggingCSSParseErrorHandler: [873:5081] Deprecated property name '*margin-left'
2025-03-28 16:07:06,943 WARN c.h.c.r.e.LoggingCSSParseErrorHandler: [873:5178] Deprecated property name '*margin-left'
2025-03-28 16:07:06,943 WARN c.h.c.r.e.LoggingCSSParseErrorHandler: [873:5262] Deprecated property name '*margin-left'
2025-03-28 16:07:06,943 WARN c.h.c.r.e.LoggingCSSParseErrorHandler: [873:5359] Deprecated property name '*margin-left'
2025-03-28 16:07:06,943 WARN c.h.c.r.e.LoggingCSSParseErrorHandler: [873:5444] Deprecated property name '*margin-left'
2025-03-28 16:07:06,943 WARN c.h.c.r.e.LoggingCSSParseErrorHandler: [873:5542] Deprecated property name '*margin-left'
2025-03-28 16:07:06,944 WARN c.h.c.r.e.LoggingCSSParseErrorHandler: [873:5628] Deprecated property name '*margin-left'
2025-03-28 16:07:06,944 WARN c.h.c.r.e.LoggingCSSParseErrorHandler: [873:5726] Deprecated property name '*margin-left'
2025-03-28 16:07:06,944 WARN c.h.c.r.e.LoggingCSSParseErrorHandler: [873:5811] Deprecated property name '*margin-left'
2025-03-28 16:07:06,944 WARN c.h.c.r.e.LoggingCSSParseErrorHandler: [873:5908] Deprecated property name '*margin-left'
2025-03-28 16:07:06,944 WARN c.h.c.r.e.LoggingCSSParseErrorHandler: [873:5993] Deprecated property name '*margin-left'
2025-03-28 16:07:06,944 WARN c.h.c.r.e.LoggingCSSParseErrorHandler: [873:6090] Deprecated property name '*margin-left'
2025-03-28 16:07:06,944 WARN c.h.c.r.e.LoggingCSSParseErrorHandler: [873:6175] Deprecated property name '*margin-left'
2025-03-28 16:07:06,944 WARN c.h.c.r.e.LoggingCSSParseErrorHandler: [873:6273] Deprecated property name '*margin-left'
2025-03-28 16:07:06,944 WARN c.h.c.r.e.LoggingCSSParseErrorHandler: [873:6359] Deprecated property name '*margin-left'
2025-03-28 16:07:06,945 WARN c.h.c.r.e.LoggingCSSParseErrorHandler: [873:6457] Deprecated property name '*margin-left'
2025-03-28 16:07:06,945 WARN c.h.c.r.e.LoggingCSSParseErrorHandler: [873:6542] Deprecated property name '*margin-left'
2025-03-28 16:07:06,945 WARN c.h.c.r.e.LoggingCSSParseErrorHandler: [873:6639] Deprecated property name '*margin-left'
2025-03-28 16:07:06,945 WARN c.h.c.r.e.LoggingCSSParseErrorHandler: [873:7623] Deprecated property name '*zoom'
2025-03-28 16:07:06,946 WARN c.h.c.r.e.LoggingCSSParseErrorHandler: [873:8530] Deprecated property name '*zoom'
2025-03-28 16:07:06,946 WARN c.h.c.r.e.LoggingCSSParseErrorHandler: [873:8834] Deprecated property name '*margin-left'
2025-03-28 16:07:06,946 WARN c.h.c.r.e.LoggingCSSParseErrorHandler: [873:9044] Deprecated property name '*width'
2025-03-28 16:07:06,946 WARN c.h.c.r.e.LoggingCSSParseErrorHandler: [873:9116] Deprecated property name '*width'
2025-03-28 16:07:06,947 WARN c.h.c.r.e.LoggingCSSParseErrorHandler: [873:9188] Deprecated property name '*width'
2025-03-28 16:07:06,947 WARN c.h.c.r.e.LoggingCSSParseErrorHandler: [873:9258] Deprecated property name '*width'
2025-03-28 16:07:06,947 WARN c.h.c.r.e.LoggingCSSParseErrorHandler: [873:9329] Deprecated property name '*width'
2025-03-28 16:07:06,947 WARN c.h.c.r.e.LoggingCSSParseErrorHandler: [873:9400] Deprecated property name '*width'
2025-03-28 16:07:06,947 WARN c.h.c.r.e.LoggingCSSParseErrorHandler: [873:9472] Deprecated property name '*width'
2025-03-28 16:07:06,947 WARN c.h.c.r.e.LoggingCSSParseErrorHandler: [873:9544] Deprecated property name '*width'
2025-03-28 16:07:06,947 WARN c.h.c.r.e.LoggingCSSParseErrorHandler: [873:9616] Deprecated property name '*width'
2025-03-28 16:07:06,947 WARN c.h.c.r.e.LoggingCSSParseErrorHandler: [873:9689] Deprecated property name '*width'
2025-03-28 16:07:06,948 WARN c.h.c.r.e.LoggingCSSParseErrorHandler: [873:9761] Deprecated property name '*width'
2025-03-28 16:07:06,948 WARN c.h.c.r.e.LoggingCSSParseErrorHandler: [873:9833] Deprecated property name '*width'
2025-03-28 16:07:06,948 WARN c.h.c.r.e.LoggingCSSParseErrorHandler: [873:9914] Deprecated property name '*margin-left'
2025-03-28 16:07:06,948 WARN c.h.c.r.e.LoggingCSSParseErrorHandler: [873:10014] Deprecated property name '*margin-left'
2025-03-28 16:07:06,948 WARN c.h.c.r.e.LoggingCSSParseErrorHandler: [873:10101] Deprecated property name '*margin-left'
2025-03-28 16:07:06,948 WARN c.h.c.r.e.LoggingCSSParseErrorHandler: [873:10199] Deprecated property name '*margin-left'
2025-03-28 16:07:06,948 WARN c.h.c.r.e.LoggingCSSParseErrorHandler: [873:10285] Deprecated property name '*margin-left'
2025-03-28 16:07:06,948 WARN c.h.c.r.e.LoggingCSSParseErrorHandler: [873:10383] Deprecated property name '*margin-left'
2025-03-28 16:07:06,948 WARN c.h.c.r.e.LoggingCSSParseErrorHandler: [873:10468] Deprecated property name '*margin-left'
2025-03-28 16:07:06,949 WARN c.h.c.r.e.LoggingCSSParseErrorHandler: [873:10565] Deprecated property name '*margin-left'
2025-03-28 16:07:06,949 WARN c.h.c.r.e.LoggingCSSParseErrorHandler: [873:10650] Deprecated property name '*margin-left'
2025-03-28 16:07:06,949 WARN c.h.c.r.e.LoggingCSSParseErrorHandler: [873:10747] Deprecated property name '*margin-left'
2025-03-28 16:07:06,949 WARN c.h.c.r.e.LoggingCSSParseErrorHandler: [873:10833] Deprecated property name '*margin-left'
2025-03-28 16:07:06,949 WARN c.h.c.r.e.LoggingCSSParseErrorHandler: [873:10930] Deprecated property name '*margin-left'
2025-03-28 16:07:06,949 WARN c.h.c.r.e.LoggingCSSParseErrorHandler: [873:11015] Deprecated property name '*margin-left'
2025-03-28 16:07:06,949 WARN c.h.c.r.e.LoggingCSSParseErrorHandler: [873:11113] Deprecated property name '*margin-left'
2025-03-28 16:07:06,949 WARN c.h.c.r.e.LoggingCSSParseErrorHandler: [873:11200] Deprecated property name '*margin-left'
2025-03-28 16:07:06,950 WARN c.h.c.r.e.LoggingCSSParseErrorHandler: [873:11296] Deprecated property name '*margin-left'
2025-03-28 16:07:06,950 WARN c.h.c.r.e.LoggingCSSParseErrorHandler: [873:11381] Deprecated property name '*margin-left'
2025-03-28 16:07:06,950 WARN c.h.c.r.e.LoggingCSSParseErrorHandler: [873:11479] Deprecated property name '*margin-left'
2025-03-28 16:07:06,950 WARN c.h.c.r.e.LoggingCSSParseErrorHandler: [873:11566] Deprecated property name '*margin-left'
2025-03-28 16:07:06,950 WARN c.h.c.r.e.LoggingCSSParseErrorHandler: [873:11663] Deprecated property name '*margin-left'
2025-03-28 16:07:06,950 WARN c.h.c.r.e.LoggingCSSParseErrorHandler: [873:11748] Deprecated property name '*margin-left'
2025-03-28 16:07:06,950 WARN c.h.c.r.e.LoggingCSSParseErrorHandler: [873:11847] Deprecated property name '*margin-left'
2025-03-28 16:07:06,950 WARN c.h.c.r.e.LoggingCSSParseErrorHandler: [873:11932] Deprecated property name '*margin-left'
2025-03-28 16:07:06,950 WARN c.h.c.r.e.LoggingCSSParseErrorHandler: [873:12030] Deprecated property name '*margin-left'
2025-03-28 16:07:23,342 INFO o.a.j.t.JMeterThread: Thread finished: Workload 4 minute 20 users 4-14
2025-03-28 16:07:25,689 INFO o.a.j.t.JMeterThread: Thread finished: Workload 4 minute 20 users 4-19
2025-03-28 16:07:31,090 INFO o.a.j.r.Summariser: summary +     55 in 00:00:31 =    1.8/s Avg:   319 Min:   183 Max:   577 Err:     0 (0.00%) Active: 18 Started: 50 Finished: 32
2025-03-28 16:07:31,091 INFO o.a.j.r.Summariser: summary =    270 in 00:03:42 =    1.2/s Avg:   325 Min:   183 Max:   594 Err:     0 (0.00%)
2025-03-28 16:07:34,878 INFO o.a.j.t.JMeterThread: Thread finished: Workload 4 minute 20 users 4-16
2025-03-28 16:07:35,660 INFO o.a.j.t.JMeterThread: Thread finished: Workload 4 minute 20 users 4-4
2025-03-28 16:07:36,321 INFO o.a.j.t.JMeterThread: Thread finished: Workload 4 minute 20 users 4-11
2025-03-28 16:07:39,180 INFO o.a.j.t.JMeterThread: Thread finished: Workload 4 minute 20 users 4-10
2025-03-28 16:07:41,563 INFO o.a.j.t.JMeterThread: Thread finished: Workload 4 minute 20 users 4-15
2025-03-28 16:07:41,745 INFO o.a.j.t.JMeterThread: Thread finished: Workload 4 minute 20 users 4-7
2025-03-28 16:07:42,783 INFO o.a.j.t.JMeterThread: Thread finished: Workload 4 minute 20 users 4-20
2025-03-28 16:07:43,307 INFO o.a.j.t.JMeterThread: Thread finished: Workload 4 minute 20 users 4-12
2025-03-28 16:07:43,321 INFO o.a.j.t.JMeterThread: Thread finished: Workload 4 minute 20 users 4-9
2025-03-28 16:07:44,134 INFO o.a.j.t.JMeterThread: Thread finished: Workload 4 minute 20 users 4-13
2025-03-28 16:07:44,994 INFO o.a.j.t.JMeterThread: Thread finished: Workload 4 minute 20 users 4-5
2025-03-28 16:07:45,733 INFO o.a.j.t.JMeterThread: Thread finished: Workload 4 minute 20 users 4-2
2025-03-28 16:07:45,943 INFO o.a.j.t.JMeterThread: Thread finished: Workload 4 minute 20 users 4-3
2025-03-28 16:07:46,465 INFO o.a.j.t.JMeterThread: Thread finished: Workload 4 minute 20 users 4-1
2025-03-28 16:07:46,730 INFO o.a.j.t.JMeterThread: Thread finished: Workload 4 minute 20 users 4-18
2025-03-28 16:07:48,507 INFO o.a.j.t.JMeterThread: Thread finished: Workload 4 minute 20 users 4-6
2025-03-28 16:07:48,725 INFO o.a.j.t.JMeterThread: Thread finished: Workload 4 minute 20 users 4-17
2025-03-28 16:07:48,908 INFO o.a.j.t.JMeterThread: Thread finished: Workload 4 minute 20 users 4-8
2025-03-28 16:07:48,910 INFO o.a.j.e.StandardJMeterEngine: Notifying test listeners of end of test
2025-03-28 16:07:48,912 INFO o.a.j.r.Summariser: summary +     42 in 00:00:18 =    2.4/s Avg:   313 Min:   206 Max:   651 Err:     0 (0.00%) Active: 0 Started: 50 Finished: 50
2025-03-28 16:07:48,912 INFO o.a.j.r.Summariser: summary =    312 in 00:04:00 =    1.3/s Avg:   323 Min:   183 Max:   651 Err:     0 (0.00%)
